-------------------------------------------------------------------------------
Test set: com.group10.ControllerTests.BookingControllerTest
-------------------------------------------------------------------------------
<<<<<<< HEAD
<<<<<<< HEAD
Tests run: 2, Failures: 0, Errors: 0, Skipped: 0, Time elapsed: 4.787 s - in com.group10.ControllerTests.BookingControllerTest
=======
Tests run: 2, Failures: 0, Errors: 0, Skipped: 0, Time elapsed: 3.714 s - in com.group10.ControllerTests.BookingControllerTest
>>>>>>> asdc-project/Develop
=======
Tests run: 2, Failures: 0, Errors: 0, Skipped: 0, Time elapsed: 4.664 s - in com.group10.ControllerTests.BookingControllerTest
>>>>>>> asdc-project/Develop
