-------------------------------------------------------------------------------
Test set: com.group10.ExceptionTests.InvalidPasswordExceptionTest
-------------------------------------------------------------------------------
<<<<<<< HEAD
<<<<<<< HEAD
Tests run: 2, Failures: 0, Errors: 0, Skipped: 0, Time elapsed: 0.006 s - in com.group10.ExceptionTests.InvalidPasswordExceptionTest
=======
Tests run: 2, Failures: 0, Errors: 0, Skipped: 0, Time elapsed: 0.022 s - in com.group10.ExceptionTests.InvalidPasswordExceptionTest
>>>>>>> asdc-project/Develop
=======
Tests run: 2, Failures: 0, Errors: 0, Skipped: 0, Time elapsed: 0.006 s - in com.group10.ExceptionTests.InvalidPasswordExceptionTest
>>>>>>> asdc-project/Develop
