-------------------------------------------------------------------------------
Test set: com.group10.VendorValley.VendorValleyApplicationTests
-------------------------------------------------------------------------------
<<<<<<< HEAD
<<<<<<< HEAD
Tests run: 1, Failures: 0, Errors: 0, Skipped: 0, Time elapsed: 0.026 s - in com.group10.VendorValley.VendorValleyApplicationTests
=======
Tests run: 1, Failures: 0, Errors: 0, Skipped: 0, Time elapsed: 0.013 s - in com.group10.VendorValley.VendorValleyApplicationTests
>>>>>>> asdc-project/Develop
=======
Tests run: 1, Failures: 0, Errors: 0, Skipped: 0, Time elapsed: 0.019 s - in com.group10.VendorValley.VendorValleyApplicationTests
>>>>>>> asdc-project/Develop
