-------------------------------------------------------------------------------
Test set: com.group10.ServiceTests.ProfileServiceTest
-------------------------------------------------------------------------------
<<<<<<< HEAD
<<<<<<< HEAD
Tests run: 8, Failures: 0, Errors: 0, Skipped: 0, Time elapsed: 0.138 s - in com.group10.ServiceTests.ProfileServiceTest
=======
Tests run: 8, Failures: 0, Errors: 0, Skipped: 0, Time elapsed: 0.076 s - in com.group10.ServiceTests.ProfileServiceTest
>>>>>>> asdc-project/Develop
=======
Tests run: 8, Failures: 0, Errors: 0, Skipped: 0, Time elapsed: 0.062 s - in com.group10.ServiceTests.ProfileServiceTest
>>>>>>> asdc-project/Develop
