-------------------------------------------------------------------------------
Test set: com.group10.RepositoryTests.VendorRepositoryImplTest
-------------------------------------------------------------------------------
<<<<<<< HEAD
<<<<<<< HEAD
Tests run: 1, Failures: 0, Errors: 0, Skipped: 0, Time elapsed: 0.027 s - in com.group10.RepositoryTests.VendorRepositoryImplTest
=======
Tests run: 1, Failures: 0, Errors: 0, Skipped: 0, Time elapsed: 0.021 s - in com.group10.RepositoryTests.VendorRepositoryImplTest
>>>>>>> asdc-project/Develop
=======
Tests run: 1, Failures: 0, Errors: 0, Skipped: 0, Time elapsed: 0.033 s - in com.group10.RepositoryTests.VendorRepositoryImplTest
>>>>>>> asdc-project/Develop
