-------------------------------------------------------------------------------
Test set: com.group10.RepositoryTests.BookingRepositoryTest
-------------------------------------------------------------------------------
<<<<<<< HEAD
<<<<<<< HEAD
Tests run: 2, Failures: 0, Errors: 0, Skipped: 0, Time elapsed: 0.465 s - in com.group10.RepositoryTests.BookingRepositoryTest
=======
Tests run: 2, Failures: 0, Errors: 0, Skipped: 0, Time elapsed: 0.392 s - in com.group10.RepositoryTests.BookingRepositoryTest
>>>>>>> asdc-project/Develop
=======
Tests run: 2, Failures: 0, Errors: 0, Skipped: 0, Time elapsed: 0.357 s - in com.group10.RepositoryTests.BookingRepositoryTest
>>>>>>> asdc-project/Develop
