-------------------------------------------------------------------------------
Test set: com.group10.ExceptionTests.VendorDetailsAbsentForUserExceptionTest
-------------------------------------------------------------------------------
<<<<<<< HEAD
<<<<<<< HEAD
Tests run: 2, Failures: 0, Errors: 0, Skipped: 0, Time elapsed: 0.019 s - in com.group10.ExceptionTests.VendorDetailsAbsentForUserExceptionTest
=======
Tests run: 2, Failures: 0, Errors: 0, Skipped: 0, Time elapsed: 0.006 s - in com.group10.ExceptionTests.VendorDetailsAbsentForUserExceptionTest
>>>>>>> asdc-project/Develop
=======
Tests run: 2, Failures: 0, Errors: 0, Skipped: 0, Time elapsed: 0.004 s - in com.group10.ExceptionTests.VendorDetailsAbsentForUserExceptionTest
>>>>>>> asdc-project/Develop
