-------------------------------------------------------------------------------
Test set: com.group10.ServiceTests.AuthenticationServiceImplTest
-------------------------------------------------------------------------------
<<<<<<< HEAD
<<<<<<< HEAD
Tests run: 17, Failures: 0, Errors: 0, Skipped: 0, Time elapsed: 0.719 s - in com.group10.ServiceTests.AuthenticationServiceImplTest
=======
Tests run: 17, Failures: 0, Errors: 0, Skipped: 0, Time elapsed: 0.712 s - in com.group10.ServiceTests.AuthenticationServiceImplTest
>>>>>>> asdc-project/Develop
=======
Tests run: 17, Failures: 0, Errors: 0, Skipped: 0, Time elapsed: 0.583 s - in com.group10.ServiceTests.AuthenticationServiceImplTest
>>>>>>> asdc-project/Develop
