-------------------------------------------------------------------------------
Test set: com.group10.ServiceTests.VendorProfileServiceTest
-------------------------------------------------------------------------------
<<<<<<< HEAD
<<<<<<< HEAD
Tests run: 27, Failures: 0, Errors: 0, Skipped: 0, Time elapsed: 0.663 s - in com.group10.ServiceTests.VendorProfileServiceTest
=======
Tests run: 27, Failures: 0, Errors: 0, Skipped: 0, Time elapsed: 0.641 s - in com.group10.ServiceTests.VendorProfileServiceTest
>>>>>>> asdc-project/Develop
=======
Tests run: 27, Failures: 0, Errors: 0, Skipped: 0, Time elapsed: 0.546 s - in com.group10.ServiceTests.VendorProfileServiceTest
>>>>>>> asdc-project/Develop
